mode: set
github.com/kurnhyalcantara/TemanPetani-API/apis/users/repository/query.go:16.69,17.50 1 1
github.com/kurnhyalcantara/TemanPetani-API/apis/users/repository/query.go:17.50,19.3 1 1
github.com/kurnhyalcantara/TemanPetani-API/apis/users/repository/query.go:20.2,20.21 1 1
github.com/kurnhyalcantara/TemanPetani-API/apis/users/repository/query.go:24.60,26.58 2 1
github.com/kurnhyalcantara/TemanPetani-API/apis/users/repository/query.go:26.58,28.3 1 1
github.com/kurnhyalcantara/TemanPetani-API/apis/users/repository/query.go:29.2,30.18 2 1
github.com/kurnhyalcantara/TemanPetani-API/apis/users/repository/query.go:34.80,36.29 2 1
github.com/kurnhyalcantara/TemanPetani-API/apis/users/repository/query.go:36.29,37.88 1 1
github.com/kurnhyalcantara/TemanPetani-API/apis/users/repository/query.go:37.88,39.4 1 1
github.com/kurnhyalcantara/TemanPetani-API/apis/users/repository/query.go:40.8,41.55 1 1
github.com/kurnhyalcantara/TemanPetani-API/apis/users/repository/query.go:41.55,43.4 1 0
github.com/kurnhyalcantara/TemanPetani-API/apis/users/repository/query.go:45.2,46.19 2 1
github.com/kurnhyalcantara/TemanPetani-API/apis/users/repository/query.go:50.78,52.58 2 1
github.com/kurnhyalcantara/TemanPetani-API/apis/users/repository/query.go:52.58,54.3 1 1
github.com/kurnhyalcantara/TemanPetani-API/apis/users/repository/query.go:55.2,55.69 1 1
github.com/kurnhyalcantara/TemanPetani-API/apis/users/repository/query.go:55.69,57.3 1 0
github.com/kurnhyalcantara/TemanPetani-API/apis/users/repository/query.go:58.2,59.61 2 1
github.com/kurnhyalcantara/TemanPetani-API/apis/users/repository/query.go:59.61,61.3 1 0
github.com/kurnhyalcantara/TemanPetani-API/apis/users/repository/query.go:62.2,63.22 2 1
github.com/kurnhyalcantara/TemanPetani-API/apis/users/repository/query.go:67.45,69.26 2 1
github.com/kurnhyalcantara/TemanPetani-API/apis/users/repository/query.go:69.26,71.3 1 1
github.com/kurnhyalcantara/TemanPetani-API/apis/users/repository/query.go:73.2,73.12 1 1
github.com/kurnhyalcantara/TemanPetani-API/apis/users/repository/query.go:76.41,80.2 1 1
