mode: set
github.com/kurnhyalcantara/TemanPetani-API/apis/users/service/usecase.go:20.67,21.71 1 1
github.com/kurnhyalcantara/TemanPetani-API/apis/users/service/usecase.go:21.71,23.3 1 1
github.com/kurnhyalcantara/TemanPetani-API/apis/users/service/usecase.go:25.2,26.20 2 1
github.com/kurnhyalcantara/TemanPetani-API/apis/users/service/usecase.go:26.20,28.3 1 0
github.com/kurnhyalcantara/TemanPetani-API/apis/users/service/usecase.go:30.2,32.66 2 1
github.com/kurnhyalcantara/TemanPetani-API/apis/users/service/usecase.go:32.66,34.3 1 1
github.com/kurnhyalcantara/TemanPetani-API/apis/users/service/usecase.go:36.2,36.12 1 1
github.com/kurnhyalcantara/TemanPetani-API/apis/users/service/usecase.go:40.41,41.24 1 0
github.com/kurnhyalcantara/TemanPetani-API/apis/users/service/usecase.go:45.69,46.24 1 0
github.com/kurnhyalcantara/TemanPetani-API/apis/users/service/usecase.go:50.81,51.24 1 0
github.com/kurnhyalcantara/TemanPetani-API/apis/users/service/usecase.go:55.60,56.24 1 0
github.com/kurnhyalcantara/TemanPetani-API/apis/users/service/usecase.go:59.70,62.89 2 1
github.com/kurnhyalcantara/TemanPetani-API/apis/users/service/usecase.go:62.89,63.66 1 0
github.com/kurnhyalcantara/TemanPetani-API/apis/users/service/usecase.go:66.2,70.3 1 1
